WARNING:root:Setting up a new session...

 == Building iResNet 64 == 
initializing actnorm parameters...
initialized
-- Loading checkpoint '../results/checkpoints/inet/inet_fashion_mixup_hidden_e91.pth'
Generating train set
Save  0 0
Save  0 1
Save  0 2
Save  0 3
Save  0 4
Save  0 5
Save  0 6
Save  0 7
Save  0 8
Save  0 9
Save  0 10
Save  0 11
Save  0 12
Save  0 13
Save  0 14
Save  0 15
Save  0 16
Save  0 17
Save  0 18
Save  0 19
Save  0 20
Save  0 21
Save  0 22
Save  0 23
Save  0 24
Save  0 25
Save  0 26
Save  0 27
Save  0 28
Save  0 29
Save  0 30
Save  0 31
Save  0 32
Save  0 33
Save  0 34
Save  0 35
Save  0 36
Save  0 37
Save  0 38
Save  0 39
Save  0 40
Save  0 41
Save  0 42
Save  0 43
Save  0 44
Save  0 45
Save  0 46
Save  0 47
Save  0 48
Save  0 49
Save  0 50
Save  0 51
Save  0 52
Save  0 53
Save  0 54
Save  0 55
Save  0 56
Save  0 57
Save  0 58
Save  0 59
Save  0 60
Save  0 61
Save  0 62
Save  0 63
Save  0 64
Save  0 65
Save  0 66
Save  0 67
Save  0 68
Save  0 69
Save  0 70
Save  0 71
Save  0 72
Save  0 73
Save  0 74
Save  0 75
Save  0 76
Save  0 77
Save  0 78
Save  0 79
Save  0 80
Save  0 81
Save  0 82
Save  0 83
Save  0 84
Save  0 85
Save  0 86
Save  0 87
Save  0 88
Save  0 89
Save  0 90
Save  0 91
Save  0 92
Save  0 93
Save  0 94
Save  0 95
Save  0 96
Save  0 97
Save  0 98
Save  0 99
Save  0 100
Save  0 101
Save  0 102
Save  0 103
Save  0 104
Save  0 105
Save  0 106
Save  0 107
Save  0 108
Save  0 109
Save  0 110
Save  0 111
Save  0 112
Save  0 113
Save  0 114
Save  0 115
Save  0 116
Save  0 117
Save  1 0
Save  1 1
Save  1 2
Save  1 3
Save  1 4
Save  1 5
Save  1 6
Save  1 7
Save  1 8
Save  1 9
Save  1 10
Save  1 11
Save  1 12
Save  1 13
Save  1 14
Save  1 15
Save  1 16
Save  1 17
Save  1 18
Save  1 19
Save  1 20
Save  1 21
Save  1 22
Save  1 23
Save  1 24
Save  1 25
Save  1 26
Save  1 27
Save  1 28
Save  1 29
Save  1 30
Save  1 31
Save  1 32
Save  1 33
Save  1 34
Save  1 35
Save  1 36
Save  1 37
Save  1 38
Save  1 39
Save  1 40
Save  1 41
Save  1 42
Save  1 43
Save  1 44
Save  1 45
Save  1 46
Save  1 47
Save  1 48
Save  1 49
Save  1 50
Save  1 51
Save  1 52
Save  1 53
Save  1 54
Save  1 55
Save  1 56
Save  1 57
Save  1 58
Save  1 59
Save  1 60
Save  1 61
Save  1 62
Save  1 63
Save  1 64
Save  1 65
Save  1 66
Save  1 67
Save  1 68
Save  1 69
Save  1 70
Save  1 71
Save  1 72
Save  1 73
Save  1 74
Save  1 75
Save  1 76
Save  1 77
Save  1 78
Save  1 79
Save  1 80
Save  1 81
Save  1 82
Save  1 83
Save  1 84
Save  1 85
Save  1 86
Save  1 87
Save  1 88
Save  1 89
Save  1 90
Save  1 91
Save  1 92
Save  1 93
Save  1 94
Save  1 95
Save  1 96
Save  1 97
Save  1 98
Save  1 99
Save  1 100
Save  1 101
Save  1 102
Save  1 103
Save  1 104
Save  1 105
Save  1 106
Save  1 107
Save  1 108
Save  1 109
Save  1 110
Save  1 111
Save  1 112
Save  1 113
Save  1 114
Save  1 115
Save  1 116
Save  1 117
Save  2 0
Save  2 1
Save  2 2
Save  2 3
Save  2 4
Save  2 5
Save  2 6
Save  2 7
Save  2 8
Save  2 9
Save  2 10
Save  2 11
Save  2 12
Save  2 13
Save  2 14
Save  2 15
Save  2 16
Save  2 17
Save  2 18
Save  2 19
Save  2 20
Save  2 21
Save  2 22
Save  2 23
Save  2 24
Save  2 25
Save  2 26
Save  2 27
Save  2 28
Save  2 29
Save  2 30
Save  2 31
Save  2 32
Save  2 33
Save  2 34
Save  2 35
Save  2 36
Save  2 37
Save  2 38
Save  2 39
Save  2 40
Save  2 41
Save  2 42
Save  2 43
Save  2 44
Save  2 45
Save  2 46
Save  2 47
Save  2 48
Save  2 49
Save  2 50
Save  2 51
Save  2 52
Save  2 53
Save  2 54
Save  2 55
Save  2 56
Save  2 57
Save  2 58
Save  2 59
Save  2 60
Save  2 61
Save  2 62
Save  2 63
Save  2 64
Save  2 65
Save  2 66
Save  2 67
Save  2 68
Save  2 69
Save  2 70
Save  2 71
Save  2 72
Save  2 73
Save  2 74
Save  2 75
Save  2 76
Save  2 77
Save  2 78
Save  2 79
Save  2 80
Save  2 81
Save  2 82
Save  2 83
Save  2 84
Save  2 85
Save  2 86
Save  2 87
Save  2 88
Save  2 89
Save  2 90
Save  2 91
Save  2 92
Save  2 93
Save  2 94
Save  2 95
Save  2 96
Save  2 97
Save  2 98
Save  2 99
Save  2 100
Save  2 101
Save  2 102
Save  2 103
Save  2 104
Save  2 105
Save  2 106
Save  2 107
Save  2 108
Save  2 109
Save  2 110
Save  2 111
Save  2 112
Save  2 113
Save  2 114
Save  2 115
Save  2 116
Save  2 117
Save  3 0
Save  3 1
Save  3 2
Save  3 3
Save  3 4
Save  3 5
Save  3 6
Save  3 7
Save  3 8
Save  3 9
Save  3 10
Save  3 11
Save  3 12
Save  3 13
Save  3 14
Save  3 15
Save  3 16
Save  3 17
Save  3 18
Save  3 19
Save  3 20
Save  3 21
Save  3 22
Save  3 23
Save  3 24
Save  3 25
Save  3 26
Save  3 27
Save  3 28
Save  3 29
Save  3 30
Save  3 31
Save  3 32
Save  3 33
Save  3 34
Save  3 35
Save  3 36
Save  3 37
Save  3 38
Save  3 39
Save  3 40
Save  3 41
Save  3 42
Save  3 43
Save  3 44
Save  3 45
Save  3 46
Save  3 47
Save  3 48
Save  3 49
Save  3 50
Save  3 51
Save  3 52
Save  3 53
Save  3 54
Save  3 55
Save  3 56
Save  3 57
Save  3 58
Save  3 59
Save  3 60
Save  3 61
Save  3 62
Save  3 63
Save  3 64
Save  3 65
Save  3 66
Save  3 67
Save  3 68
Save  3 69
Save  3 70
Save  3 71
Save  3 72
Save  3 73
Save  3 74
Save  3 75
Save  3 76
Save  3 77
Save  3 78
Save  3 79
Save  3 80
Save  3 81
Save  3 82
Save  3 83
Save  3 84
Save  3 85
Save  3 86
Save  3 87
Save  3 88
Save  3 89
Save  3 90
Save  3 91
Save  3 92
Save  3 93
Save  3 94
Save  3 95
Save  3 96
Save  3 97
Save  3 98
Save  3 99
Save  3 100
Save  3 101
Save  3 102
Save  3 103
Save  3 104
Save  3 105
Save  3 106
Save  3 107
Save  3 108
Save  3 109
Save  3 110
Save  3 111
Save  3 112
Save  3 113
Save  3 114
Save  3 115
Save  3 116
Save  3 117
Save  4 0
Save  4 1
Save  4 2
Save  4 3
Save  4 4
Save  4 5
Save  4 6
Save  4 7
Save  4 8
Save  4 9
Save  4 10
Save  4 11
Save  4 12
Save  4 13
Save  4 14
Save  4 15
Save  4 16
Save  4 17
Save  4 18
Save  4 19
Save  4 20
Save  4 21
Save  4 22
Save  4 23
Save  4 24
Save  4 25
Save  4 26
Save  4 27
Save  4 28
Save  4 29
Save  4 30
Save  4 31
Save  4 32
Save  4 33
Save  4 34
Save  4 35
Save  4 36
Save  4 37
Save  4 38
Save  4 39
Save  4 40
Save  4 41
Save  4 42
Save  4 43
Save  4 44
Save  4 45
Save  4 46
Save  4 47
Save  4 48
Save  4 49
Save  4 50
Save  4 51
Save  4 52
Save  4 53
Save  4 54
Save  4 55
Save  4 56
Save  4 57
Save  4 58
Save  4 59
Save  4 60
Save  4 61
Save  4 62
Save  4 63
Save  4 64
Save  4 65
Save  4 66
Save  4 67
Save  4 68
Save  4 69
Save  4 70
Save  4 71
Save  4 72
Save  4 73
Save  4 74
Save  4 75
Save  4 76
Save  4 77
Save  4 78
Save  4 79
Save  4 80
Save  4 81
Save  4 82
Save  4 83
Save  4 84
Save  4 85
Save  4 86
Save  4 87
Save  4 88
Save  4 89
Save  4 90
Save  4 91
Save  4 92
Save  4 93
Save  4 94
Save  4 95
Save  4 96
Save  4 97
Save  4 98
Save  4 99
Save  4 100
Save  4 101
Save  4 102
Save  4 103
Save  4 104
Save  4 105
Save  4 106
Save  4 107
Save  4 108
Save  4 109
Save  4 110
Save  4 111
Save  4 112
Save  4 113
Save  4 114
Save  4 115
Save  4 116
Save  4 117
Save  5 0
Save  5 1
Save  5 2
Save  5 3
Save  5 4
Save  5 5
Save  5 6
Save  5 7
Save  5 8
Save  5 9
Save  5 10
Save  5 11
Save  5 12
Save  5 13
Save  5 14
Save  5 15
Save  5 16
Save  5 17
Save  5 18
Save  5 19
Save  5 20
Save  5 21
Save  5 22
Save  5 23
Save  5 24
Save  5 25
Save  5 26
Save  5 27
Save  5 28
Save  5 29
Save  5 30
Save  5 31
Save  5 32
Save  5 33
Save  5 34
Save  5 35
Save  5 36
Save  5 37
Save  5 38
Save  5 39
Save  5 40
Save  5 41
Save  5 42
Save  5 43
Save  5 44
Save  5 45
Save  5 46
Save  5 47
Save  5 48
Save  5 49
Save  5 50
Save  5 51
Save  5 52
Save  5 53
Save  5 54
Save  5 55
Save  5 56
Save  5 57
Save  5 58
Save  5 59
Save  5 60
Save  5 61
Save  5 62
Save  5 63
Save  5 64
Save  5 65
Save  5 66
Save  5 67
Save  5 68
Save  5 69
Save  5 70
Save  5 71
Save  5 72
Save  5 73
Save  5 74
Save  5 75
Save  5 76
Save  5 77
Save  5 78
Save  5 79
Save  5 80
Save  5 81
Save  5 82
Save  5 83
Save  5 84
Save  5 85
Save  5 86
Save  5 87
Save  5 88
Save  5 89
Save  5 90
Save  5 91
Save  5 92
Save  5 93
Save  5 94
Save  5 95
Save  5 96
Save  5 97
Save  5 98
Save  5 99
Save  5 100
Save  5 101
Save  5 102
Save  5 103
Save  5 104
Save  5 105
Save  5 106
Save  5 107
Save  5 108
Save  5 109
Save  5 110
Save  5 111
Save  5 112
Save  5 113
Save  5 114
Save  5 115
Save  5 116
Save  5 117
Save  6 0
Save  6 1
Save  6 2
Save  6 3
Save  6 4
Save  6 5
Save  6 6
Save  6 7
Save  6 8
Save  6 9
Save  6 10
Save  6 11
Save  6 12
Save  6 13
Save  6 14
Save  6 15
Save  6 16
Save  6 17
Save  6 18
Save  6 19
Save  6 20
Save  6 21
Save  6 22
Save  6 23
Save  6 24
Save  6 25
Save  6 26
Save  6 27
Save  6 28
Save  6 29
Save  6 30
Save  6 31
Save  6 32
Save  6 33
Save  6 34
Save  6 35
Save  6 36
Save  6 37
Save  6 38
Save  6 39
Save  6 40
Save  6 41
Save  6 42
Save  6 43
Save  6 44
Save  6 45
Save  6 46
Save  6 47
Save  6 48
Save  6 49
Save  6 50
Save  6 51
Save  6 52
Save  6 53
Save  6 54
Save  6 55
Save  6 56
Save  6 57
Save  6 58
Save  6 59
Save  6 60
Save  6 61
Save  6 62
Save  6 63
Save  6 64
Save  6 65
Save  6 66
Save  6 67
Save  6 68
Save  6 69
Save  6 70
Save  6 71
Save  6 72
Save  6 73
Save  6 74
Save  6 75
Save  6 76
Save  6 77
Save  6 78
Save  6 79
Save  6 80
Save  6 81
Save  6 82
Save  6 83
Save  6 84
Save  6 85
Save  6 86
Save  6 87
Save  6 88
Save  6 89
Save  6 90
Save  6 91
Save  6 92
Save  6 93
Save  6 94
Save  6 95
Save  6 96
Save  6 97
Save  6 98
Save  6 99
Save  6 100
Save  6 101
Save  6 102
Save  6 103
Save  6 104
Save  6 105
Save  6 106
Save  6 107
Save  6 108
Save  6 109
Save  6 110
Save  6 111
Save  6 112
Save  6 113
Save  6 114
Save  6 115
Save  6 116
Save  6 117
Save  7 0
Save  7 1
Save  7 2
Save  7 3
Save  7 4
Save  7 5
Save  7 6
Save  7 7
Save  7 8
Save  7 9
Save  7 10
Save  7 11
Save  7 12
Save  7 13
Save  7 14
Save  7 15
Save  7 16
Save  7 17
Save  7 18
Save  7 19
Save  7 20
Save  7 21
Save  7 22
Save  7 23
Save  7 24
Save  7 25
Save  7 26
Save  7 27
Save  7 28
Save  7 29
Save  7 30
Save  7 31
Save  7 32
Save  7 33
Save  7 34
Save  7 35
Save  7 36
Save  7 37
Save  7 38
Save  7 39
Save  7 40
Save  7 41
Save  7 42
Save  7 43
Save  7 44
Save  7 45
Save  7 46
Save  7 47
Save  7 48
Save  7 49
Save  7 50
Save  7 51
Save  7 52
Save  7 53
Save  7 54
Save  7 55
Save  7 56
Save  7 57
Save  7 58
Save  7 59
Save  7 60
Save  7 61
Save  7 62
Save  7 63
Save  7 64
Save  7 65
Save  7 66
Save  7 67
Save  7 68
Save  7 69
Save  7 70
Save  7 71
Save  7 72
Save  7 73
Save  7 74
Save  7 75
Save  7 76
Save  7 77
Save  7 78
Save  7 79
Save  7 80
Save  7 81
Save  7 82
Save  7 83
Save  7 84
Save  7 85
Save  7 86
Save  7 87
Save  7 88
Save  7 89
Save  7 90
Save  7 91
Save  7 92
Save  7 93
Save  7 94
Save  7 95
Save  7 96
Save  7 97
Save  7 98
Save  7 99
Save  7 100
Save  7 101
Save  7 102
Save  7 103
Save  7 104
Save  7 105
Save  7 106
Save  7 107
Save  7 108
Save  7 109
Save  7 110
Save  7 111
Save  7 112
Save  7 113
Save  7 114
Save  7 115
Save  7 116
Save  7 117
Save  8 0
Save  8 1
Save  8 2
Save  8 3
Save  8 4
Save  8 5
Save  8 6
Save  8 7
Save  8 8
Save  8 9
Save  8 10
Save  8 11
Save  8 12
Save  8 13
Save  8 14
Save  8 15
Save  8 16
Save  8 17
Save  8 18
Save  8 19
Save  8 20
Save  8 21
Save  8 22
Save  8 23
Save  8 24
Save  8 25
Save  8 26
Save  8 27
Save  8 28
Save  8 29
Save  8 30
Save  8 31
Save  8 32
Save  8 33
Save  8 34
Save  8 35
Save  8 36
Save  8 37
Save  8 38
Save  8 39
Save  8 40
Save  8 41
Save  8 42
Save  8 43
Save  8 44
Save  8 45
Save  8 46
Save  8 47
Save  8 48
Save  8 49
Save  8 50
Save  8 51
Save  8 52
Save  8 53
Save  8 54
Save  8 55
Save  8 56
Save  8 57
Save  8 58
Save  8 59
Save  8 60
Save  8 61
Save  8 62
Save  8 63
Save  8 64
Save  8 65
Save  8 66
Save  8 67
Save  8 68
Save  8 69
Save  8 70
Save  8 71
Save  8 72
Save  8 73
Save  8 74
Save  8 75
Save  8 76
Save  8 77
Save  8 78
Save  8 79
Save  8 80
Save  8 81
Save  8 82
Save  8 83
Save  8 84
Save  8 85
Save  8 86
Save  8 87
Save  8 88
Save  8 89
Save  8 90
Save  8 91
Save  8 92
Save  8 93
Save  8 94
Save  8 95
Save  8 96
Save  8 97
Save  8 98
Save  8 99
Save  8 100
Save  8 101
Save  8 102
Save  8 103
Save  8 104
Save  8 105
Save  8 106
Save  8 107
Save  8 108
Save  8 109
Save  8 110
Save  8 111
Save  8 112
Save  8 113
Save  8 114
Save  8 115
Save  8 116
Save  8 117
Save  9 0
Save  9 1
Save  9 2
Save  9 3
Save  9 4
Save  9 5
Save  9 6
Save  9 7
Save  9 8
Save  9 9
Save  9 10
Save  9 11
Save  9 12
Save  9 13
Save  9 14
Save  9 15
Save  9 16
Save  9 17
Save  9 18
Save  9 19
Save  9 20
Save  9 21
Save  9 22
Save  9 23
Save  9 24
Save  9 25
Save  9 26
Save  9 27
Save  9 28
Save  9 29
Save  9 30
Save  9 31
Save  9 32
Save  9 33
Save  9 34
Save  9 35
Save  9 36
Save  9 37
Save  9 38
Save  9 39
Save  9 40
Save  9 41
Save  9 42
Save  9 43
Save  9 44
Save  9 45
Save  9 46
Save  9 47
Save  9 48
Save  9 49
Save  9 50
Save  9 51
Save  9 52
Save  9 53
Save  9 54
Save  9 55
Save  9 56
Save  9 57
Save  9 58
Save  9 59
Save  9 60
Save  9 61
Save  9 62
Save  9 63
Save  9 64
Save  9 65
Save  9 66
Save  9 67
Save  9 68
Save  9 69
Save  9 70
Save  9 71
Save  9 72
Save  9 73
Save  9 74
Save  9 75
Save  9 76
Save  9 77
Save  9 78
Save  9 79
Save  9 80
Save  9 81
Save  9 82
Save  9 83
Save  9 84
Save  9 85
Save  9 86
Save  9 87
Save  9 88
Save  9 89
Save  9 90
Save  9 91
Save  9 92
Save  9 93
Save  9 94
Save  9 95
Save  9 96
Save  9 97
Save  9 98
Save  9 99
Save  9 100
Save  9 101
Save  9 102
Save  9 103
Save  9 104
Save  9 105
Save  9 106
Save  9 107
Save  9 108
Save  9 109
Save  9 110
Save  9 111
Save  9 112
Save  9 113
Save  9 114
Save  9 115
Save  9 116
Save  9 117
Done
Generating test set
Generating validation set
Done
